1.045
1.508
7.093
1.225
1.134
3.115
3.432
0.705
1.559
3.044
3.806
2.546
1.711
1.026
1.451
1.412
2.142
0.584
1.700
0.732
3.936
4.052
2.489
0.480
1.423
0.995
1.948
1.477
0.902
0.955
1.024
1.313
1.016
2.963
0.954
13.320
2.297
1.281
0.182
0.626
5.038
4.777
1.904
5.614
3.282
0.285
1.255
0.734
1.557
0.708
0.559
1.680
3.683
9.451
5.790
3.300
0.708
1.109
2.246
9.991
2.528
0.658
1.394
0.563
4.174
0.820
2.080
4.181
1.227
4.026
7.796
6.075
1.962
2.402
0.923
0.529
1.860
2.415
1.060
1.651
2.686
1.785
1.034
3.968
1.221
8.513
1.222
0.718
1.515
2.021
